<?xml version="1.0" encoding="UTF-8"?>
<!-- Generated by org.testng.reporters.JUnitReportReporter -->
<testsuite hostname="Hanuma" failures="0" tests="1" name="testCases.TC04_ProductSearchTest" time="4.822" errors="0" timestamp="2024-08-03T17:42:30 IST" skipped="0">
  <testcase classname="testCases.TC04_ProductSearchTest" name="verify_product" time="4.822"/>
</testsuite> <!-- testCases.TC04_ProductSearchTest -->
