<?xml version="1.0" encoding="UTF-8"?>
<!-- Generated by org.testng.reporters.JUnitReportReporter -->
<testsuite hostname="Hanuma" failures="0" tests="1" name="testCases.TC02_LoginTest" time="1.835" errors="0" timestamp="2024-08-03T17:42:30 IST" skipped="0">
  <testcase classname="testCases.TC02_LoginTest" name="verify_login" time="1.835"/>
</testsuite> <!-- testCases.TC02_LoginTest -->
