<?xml version="1.0" encoding="UTF-8"?>
<!-- Generated by org.testng.reporters.JUnitReportReporter -->
<testsuite hostname="Hanuma" failures="0" tests="2" name="testCases.TC01_AccountRegistration" time="4.919" errors="0" timestamp="2024-08-03T12:43:11 IST" skipped="0">
  <testcase classname="testCases.TC01_AccountRegistration" name="testRegistration" time="2.207"/>
  <testcase classname="testCases.TC01_AccountRegistration" name="testRegistration" time="2.712"/>
</testsuite> <!-- testCases.TC01_AccountRegistration -->
