<?xml version="1.0" encoding="UTF-8"?>
<!-- Generated by org.testng.reporters.JUnitReportReporter -->
<testsuite hostname="Hanuma" failures="0" tests="1" name="testCases.TC01_AccountRegistration" time="2.728" errors="0" timestamp="2024-08-03T17:38:50 IST" skipped="0">
  <testcase classname="testCases.TC01_AccountRegistration" name="testRegistration" time="2.728"/>
</testsuite> <!-- testCases.TC01_AccountRegistration -->
